<?xml version="1.0" encoding="UTF-8"?>
<testsuite xmlns:xsi="http://www.w3.org/2001/XMLSchema-instance" xsi:noNamespaceSchemaLocation="https://maven.apache.org/surefire/maven-surefire-plugin/xsd/surefire-test-report-3.0.xsd" version="3.0" name="dev.futbolmama.msvcustws.MsVCustWsApplicationTests" time="6.774" tests="1" errors="0" skipped="0" failures="0">
  <properties>
    <property name="java.specification.version" value="21"/>
    <property name="sun.jnu.encoding" value="UTF-8"/>
    <property name="java.class.path" value="/Users/msuarez/Documents/GitHub/ms-v-cust-ws/target/test-classes:/Users/msuarez/Documents/GitHub/ms-v-cust-ws/target/classes:/Users/msuarez/.m2/repository/org/springframework/boot/spring-boot-starter-actuator/3.3.5/spring-boot-starter-actuator-3.3.5.jar:/Users/msuarez/.m2/repository/org/springframework/boot/spring-boot-starter/3.3.5/spring-boot-starter-3.3.5.jar:/Users/msuarez/.m2/repository/org/springframework/boot/spring-boot-starter-logging/3.3.5/spring-boot-starter-logging-3.3.5.jar:/Users/msuarez/.m2/repository/ch/qos/logback/logback-classic/1.5.11/logback-classic-1.5.11.jar:/Users/msuarez/.m2/repository/ch/qos/logback/logback-core/1.5.11/logback-core-1.5.11.jar:/Users/msuarez/.m2/repository/org/apache/logging/log4j/log4j-to-slf4j/2.23.1/log4j-to-slf4j-2.23.1.jar:/Users/msuarez/.m2/repository/org/apache/logging/log4j/log4j-api/2.23.1/log4j-api-2.23.1.jar:/Users/msuarez/.m2/repository/org/slf4j/jul-to-slf4j/2.0.16/jul-to-slf4j-2.0.16.jar:/Users/msuarez/.m2/repository/jakarta/annotation/jakarta.annotation-api/2.1.1/jakarta.annotation-api-2.1.1.jar:/Users/msuarez/.m2/repository/org/yaml/snakeyaml/2.2/snakeyaml-2.2.jar:/Users/msuarez/.m2/repository/org/springframework/boot/spring-boot-actuator-autoconfigure/3.3.5/spring-boot-actuator-autoconfigure-3.3.5.jar:/Users/msuarez/.m2/repository/org/springframework/boot/spring-boot-actuator/3.3.5/spring-boot-actuator-3.3.5.jar:/Users/msuarez/.m2/repository/com/fasterxml/jackson/datatype/jackson-datatype-jsr310/2.17.2/jackson-datatype-jsr310-2.17.2.jar:/Users/msuarez/.m2/repository/io/micrometer/micrometer-observation/1.13.6/micrometer-observation-1.13.6.jar:/Users/msuarez/.m2/repository/io/micrometer/micrometer-commons/1.13.6/micrometer-commons-1.13.6.jar:/Users/msuarez/.m2/repository/io/micrometer/micrometer-jakarta9/1.13.6/micrometer-jakarta9-1.13.6.jar:/Users/msuarez/.m2/repository/io/micrometer/micrometer-core/1.13.6/micrometer-core-1.13.6.jar:/Users/msuarez/.m2/repository/org/hdrhistogram/HdrHistogram/2.2.2/HdrHistogram-2.2.2.jar:/Users/msuarez/.m2/repository/org/latencyutils/LatencyUtils/2.0.3/LatencyUtils-2.0.3.jar:/Users/msuarez/.m2/repository/org/springframework/boot/spring-boot-starter-data-jdbc/3.3.5/spring-boot-starter-data-jdbc-3.3.5.jar:/Users/msuarez/.m2/repository/org/springframework/boot/spring-boot-starter-jdbc/3.3.5/spring-boot-starter-jdbc-3.3.5.jar:/Users/msuarez/.m2/repository/com/zaxxer/HikariCP/5.1.0/HikariCP-5.1.0.jar:/Users/msuarez/.m2/repository/org/springframework/spring-jdbc/6.1.14/spring-jdbc-6.1.14.jar:/Users/msuarez/.m2/repository/org/springframework/data/spring-data-jdbc/3.3.5/spring-data-jdbc-3.3.5.jar:/Users/msuarez/.m2/repository/org/springframework/data/spring-data-relational/3.3.5/spring-data-relational-3.3.5.jar:/Users/msuarez/.m2/repository/org/springframework/data/spring-data-commons/3.3.5/spring-data-commons-3.3.5.jar:/Users/msuarez/.m2/repository/org/springframework/spring-tx/6.1.14/spring-tx-6.1.14.jar:/Users/msuarez/.m2/repository/org/springframework/spring-context/6.1.14/spring-context-6.1.14.jar:/Users/msuarez/.m2/repository/org/springframework/spring-beans/6.1.14/spring-beans-6.1.14.jar:/Users/msuarez/.m2/repository/org/slf4j/slf4j-api/2.0.16/slf4j-api-2.0.16.jar:/Users/msuarez/.m2/repository/org/springframework/boot/spring-boot-starter-web/3.3.5/spring-boot-starter-web-3.3.5.jar:/Users/msuarez/.m2/repository/org/springframework/boot/spring-boot-starter-json/3.3.5/spring-boot-starter-json-3.3.5.jar:/Users/msuarez/.m2/repository/com/fasterxml/jackson/datatype/jackson-datatype-jdk8/2.17.2/jackson-datatype-jdk8-2.17.2.jar:/Users/msuarez/.m2/repository/org/springframework/boot/spring-boot-starter-tomcat/3.3.5/spring-boot-starter-tomcat-3.3.5.jar:/Users/msuarez/.m2/repository/org/apache/tomcat/embed/tomcat-embed-core/10.1.31/tomcat-embed-core-10.1.31.jar:/Users/msuarez/.m2/repository/org/apache/tomcat/embed/tomcat-embed-websocket/10.1.31/tomcat-embed-websocket-10.1.31.jar:/Users/msuarez/.m2/repository/org/springframework/spring-web/6.1.14/spring-web-6.1.14.jar:/Users/msuarez/.m2/repository/org/springframework/spring-webmvc/6.1.14/spring-webmvc-6.1.14.jar:/Users/msuarez/.m2/repository/org/springframework/spring-aop/6.1.14/spring-aop-6.1.14.jar:/Users/msuarez/.m2/repository/org/springframework/spring-expression/6.1.14/spring-expression-6.1.14.jar:/Users/msuarez/.m2/repository/org/springframework/boot/spring-boot-devtools/3.3.5/spring-boot-devtools-3.3.5.jar:/Users/msuarez/.m2/repository/org/springframework/boot/spring-boot/3.3.5/spring-boot-3.3.5.jar:/Users/msuarez/.m2/repository/org/springframework/boot/spring-boot-autoconfigure/3.3.5/spring-boot-autoconfigure-3.3.5.jar:/Users/msuarez/.m2/repository/org/postgresql/postgresql/42.7.4/postgresql-42.7.4.jar:/Users/msuarez/.m2/repository/org/checkerframework/checker-qual/3.42.0/checker-qual-3.42.0.jar:/Users/msuarez/.m2/repository/org/springframework/boot/spring-boot-starter-test/3.3.5/spring-boot-starter-test-3.3.5.jar:/Users/msuarez/.m2/repository/org/springframework/boot/spring-boot-test/3.3.5/spring-boot-test-3.3.5.jar:/Users/msuarez/.m2/repository/org/springframework/boot/spring-boot-test-autoconfigure/3.3.5/spring-boot-test-autoconfigure-3.3.5.jar:/Users/msuarez/.m2/repository/com/jayway/jsonpath/json-path/2.9.0/json-path-2.9.0.jar:/Users/msuarez/.m2/repository/jakarta/xml/bind/jakarta.xml.bind-api/4.0.2/jakarta.xml.bind-api-4.0.2.jar:/Users/msuarez/.m2/repository/jakarta/activation/jakarta.activation-api/2.1.3/jakarta.activation-api-2.1.3.jar:/Users/msuarez/.m2/repository/net/minidev/json-smart/2.5.1/json-smart-2.5.1.jar:/Users/msuarez/.m2/repository/net/minidev/accessors-smart/2.5.1/accessors-smart-2.5.1.jar:/Users/msuarez/.m2/repository/org/ow2/asm/asm/9.6/asm-9.6.jar:/Users/msuarez/.m2/repository/org/assertj/assertj-core/3.25.3/assertj-core-3.25.3.jar:/Users/msuarez/.m2/repository/net/bytebuddy/byte-buddy/1.14.19/byte-buddy-1.14.19.jar:/Users/msuarez/.m2/repository/org/awaitility/awaitility/4.2.2/awaitility-4.2.2.jar:/Users/msuarez/.m2/repository/org/hamcrest/hamcrest/2.2/hamcrest-2.2.jar:/Users/msuarez/.m2/repository/org/junit/jupiter/junit-jupiter/5.10.5/junit-jupiter-5.10.5.jar:/Users/msuarez/.m2/repository/org/junit/jupiter/junit-jupiter-params/5.10.5/junit-jupiter-params-5.10.5.jar:/Users/msuarez/.m2/repository/org/junit/jupiter/junit-jupiter-engine/5.10.5/junit-jupiter-engine-5.10.5.jar:/Users/msuarez/.m2/repository/org/junit/platform/junit-platform-engine/1.10.5/junit-platform-engine-1.10.5.jar:/Users/msuarez/.m2/repository/org/mockito/mockito-core/5.11.0/mockito-core-5.11.0.jar:/Users/msuarez/.m2/repository/net/bytebuddy/byte-buddy-agent/1.14.19/byte-buddy-agent-1.14.19.jar:/Users/msuarez/.m2/repository/org/objenesis/objenesis/3.3/objenesis-3.3.jar:/Users/msuarez/.m2/repository/org/mockito/mockito-junit-jupiter/5.11.0/mockito-junit-jupiter-5.11.0.jar:/Users/msuarez/.m2/repository/org/skyscreamer/jsonassert/1.5.3/jsonassert-1.5.3.jar:/Users/msuarez/.m2/repository/com/vaadin/external/google/android-json/0.0.20131108.vaadin1/android-json-0.0.20131108.vaadin1.jar:/Users/msuarez/.m2/repository/org/springframework/spring-core/6.1.14/spring-core-6.1.14.jar:/Users/msuarez/.m2/repository/org/springframework/spring-jcl/6.1.14/spring-jcl-6.1.14.jar:/Users/msuarez/.m2/repository/org/springframework/spring-test/6.1.14/spring-test-6.1.14.jar:/Users/msuarez/.m2/repository/org/xmlunit/xmlunit-core/2.9.1/xmlunit-core-2.9.1.jar:/Users/msuarez/.m2/repository/org/springframework/boot/spring-boot-testcontainers/3.3.5/spring-boot-testcontainers-3.3.5.jar:/Users/msuarez/.m2/repository/org/testcontainers/testcontainers/1.19.8/testcontainers-1.19.8.jar:/Users/msuarez/.m2/repository/junit/junit/4.13.2/junit-4.13.2.jar:/Users/msuarez/.m2/repository/org/hamcrest/hamcrest-core/2.2/hamcrest-core-2.2.jar:/Users/msuarez/.m2/repository/org/apache/commons/commons-compress/1.24.0/commons-compress-1.24.0.jar:/Users/msuarez/.m2/repository/org/rnorth/duct-tape/duct-tape/1.0.8/duct-tape-1.0.8.jar:/Users/msuarez/.m2/repository/org/jetbrains/annotations/17.0.0/annotations-17.0.0.jar:/Users/msuarez/.m2/repository/com/github/docker-java/docker-java-api/3.3.6/docker-java-api-3.3.6.jar:/Users/msuarez/.m2/repository/com/github/docker-java/docker-java-transport-zerodep/3.3.6/docker-java-transport-zerodep-3.3.6.jar:/Users/msuarez/.m2/repository/com/github/docker-java/docker-java-transport/3.3.6/docker-java-transport-3.3.6.jar:/Users/msuarez/.m2/repository/net/java/dev/jna/jna/5.13.0/jna-5.13.0.jar:/Users/msuarez/.m2/repository/org/testcontainers/junit-jupiter/1.19.8/junit-jupiter-1.19.8.jar:/Users/msuarez/.m2/repository/org/testcontainers/postgresql/1.19.8/postgresql-1.19.8.jar:/Users/msuarez/.m2/repository/org/testcontainers/jdbc/1.19.8/jdbc-1.19.8.jar:/Users/msuarez/.m2/repository/org/testcontainers/database-commons/1.19.8/database-commons-1.19.8.jar:/Users/msuarez/.m2/repository/com/github/javafaker/javafaker/1.0.2/javafaker-1.0.2.jar:/Users/msuarez/.m2/repository/org/apache/commons/commons-lang3/3.14.0/commons-lang3-3.14.0.jar:/Users/msuarez/.m2/repository/org/yaml/snakeyaml/1.23/snakeyaml-1.23-android.jar:/Users/msuarez/.m2/repository/com/github/mifmif/generex/1.0.2/generex-1.0.2.jar:/Users/msuarez/.m2/repository/dk/brics/automaton/automaton/1.11-8/automaton-1.11-8.jar:/Users/msuarez/.m2/repository/org/junit/jupiter/junit-jupiter-api/5.10.5/junit-jupiter-api-5.10.5.jar:/Users/msuarez/.m2/repository/org/opentest4j/opentest4j/1.3.0/opentest4j-1.3.0.jar:/Users/msuarez/.m2/repository/org/junit/platform/junit-platform-commons/1.10.5/junit-platform-commons-1.10.5.jar:/Users/msuarez/.m2/repository/org/apiguardian/apiguardian-api/1.1.2/apiguardian-api-1.1.2.jar:/Users/msuarez/.m2/repository/org/springframework/boot/spring-boot-docker-compose/3.3.5/spring-boot-docker-compose-3.3.5.jar:/Users/msuarez/.m2/repository/com/fasterxml/jackson/core/jackson-databind/2.17.2/jackson-databind-2.17.2.jar:/Users/msuarez/.m2/repository/com/fasterxml/jackson/core/jackson-annotations/2.17.2/jackson-annotations-2.17.2.jar:/Users/msuarez/.m2/repository/com/fasterxml/jackson/core/jackson-core/2.17.2/jackson-core-2.17.2.jar:/Users/msuarez/.m2/repository/com/fasterxml/jackson/module/jackson-module-parameter-names/2.17.2/jackson-module-parameter-names-2.17.2.jar:/Users/msuarez/.m2/repository/org/springframework/boot/spring-boot-starter-validation/3.3.5/spring-boot-starter-validation-3.3.5.jar:/Users/msuarez/.m2/repository/org/apache/tomcat/embed/tomcat-embed-el/10.1.31/tomcat-embed-el-10.1.31.jar:/Users/msuarez/.m2/repository/org/hibernate/validator/hibernate-validator/8.0.1.Final/hibernate-validator-8.0.1.Final.jar:/Users/msuarez/.m2/repository/jakarta/validation/jakarta.validation-api/3.0.2/jakarta.validation-api-3.0.2.jar:/Users/msuarez/.m2/repository/org/jboss/logging/jboss-logging/3.5.3.Final/jboss-logging-3.5.3.Final.jar:/Users/msuarez/.m2/repository/com/fasterxml/classmate/1.7.0/classmate-1.7.0.jar:/Users/msuarez/.m2/repository/io/opentelemetry/javaagent/opentelemetry-javaagent/2.6.0/opentelemetry-javaagent-2.6.0.jar:"/>
    <property name="java.vm.vendor" value="Eclipse Adoptium"/>
    <property name="sun.arch.data.model" value="64"/>
    <property name="java.vendor.url" value="https://adoptium.net/"/>
    <property name="user.timezone" value="America/Denver"/>
    <property name="org.jboss.logging.provider" value="slf4j"/>
    <property name="os.name" value="Mac OS X"/>
    <property name="java.vm.specification.version" value="21"/>
    <property name="sun.java.launcher" value="SUN_STANDARD"/>
    <property name="user.country" value="US"/>
    <property name="sun.boot.library.path" value="/Users/msuarez/.asdf/installs/java/temurin-21.0.2+13.0.LTS/lib"/>
    <property name="sun.java.command" value="/Users/msuarez/Documents/GitHub/ms-v-cust-ws/target/surefire/surefirebooter-20241031003206862_3.jar /Users/msuarez/Documents/GitHub/ms-v-cust-ws/target/surefire 2024-10-31T00-32-06_746-jvmRun1 surefire-20241031003206862_1tmp surefire_0-20241031003206862_2tmp"/>
    <property name="http.nonProxyHosts" value="local|*.local|169.254/16|*.169.254/16"/>
    <property name="jdk.debug" value="release"/>
    <property name="surefire.test.class.path" value="/Users/msuarez/Documents/GitHub/ms-v-cust-ws/target/test-classes:/Users/msuarez/Documents/GitHub/ms-v-cust-ws/target/classes:/Users/msuarez/.m2/repository/org/springframework/boot/spring-boot-starter-actuator/3.3.5/spring-boot-starter-actuator-3.3.5.jar:/Users/msuarez/.m2/repository/org/springframework/boot/spring-boot-starter/3.3.5/spring-boot-starter-3.3.5.jar:/Users/msuarez/.m2/repository/org/springframework/boot/spring-boot-starter-logging/3.3.5/spring-boot-starter-logging-3.3.5.jar:/Users/msuarez/.m2/repository/ch/qos/logback/logback-classic/1.5.11/logback-classic-1.5.11.jar:/Users/msuarez/.m2/repository/ch/qos/logback/logback-core/1.5.11/logback-core-1.5.11.jar:/Users/msuarez/.m2/repository/org/apache/logging/log4j/log4j-to-slf4j/2.23.1/log4j-to-slf4j-2.23.1.jar:/Users/msuarez/.m2/repository/org/apache/logging/log4j/log4j-api/2.23.1/log4j-api-2.23.1.jar:/Users/msuarez/.m2/repository/org/slf4j/jul-to-slf4j/2.0.16/jul-to-slf4j-2.0.16.jar:/Users/msuarez/.m2/repository/jakarta/annotation/jakarta.annotation-api/2.1.1/jakarta.annotation-api-2.1.1.jar:/Users/msuarez/.m2/repository/org/yaml/snakeyaml/2.2/snakeyaml-2.2.jar:/Users/msuarez/.m2/repository/org/springframework/boot/spring-boot-actuator-autoconfigure/3.3.5/spring-boot-actuator-autoconfigure-3.3.5.jar:/Users/msuarez/.m2/repository/org/springframework/boot/spring-boot-actuator/3.3.5/spring-boot-actuator-3.3.5.jar:/Users/msuarez/.m2/repository/com/fasterxml/jackson/datatype/jackson-datatype-jsr310/2.17.2/jackson-datatype-jsr310-2.17.2.jar:/Users/msuarez/.m2/repository/io/micrometer/micrometer-observation/1.13.6/micrometer-observation-1.13.6.jar:/Users/msuarez/.m2/repository/io/micrometer/micrometer-commons/1.13.6/micrometer-commons-1.13.6.jar:/Users/msuarez/.m2/repository/io/micrometer/micrometer-jakarta9/1.13.6/micrometer-jakarta9-1.13.6.jar:/Users/msuarez/.m2/repository/io/micrometer/micrometer-core/1.13.6/micrometer-core-1.13.6.jar:/Users/msuarez/.m2/repository/org/hdrhistogram/HdrHistogram/2.2.2/HdrHistogram-2.2.2.jar:/Users/msuarez/.m2/repository/org/latencyutils/LatencyUtils/2.0.3/LatencyUtils-2.0.3.jar:/Users/msuarez/.m2/repository/org/springframework/boot/spring-boot-starter-data-jdbc/3.3.5/spring-boot-starter-data-jdbc-3.3.5.jar:/Users/msuarez/.m2/repository/org/springframework/boot/spring-boot-starter-jdbc/3.3.5/spring-boot-starter-jdbc-3.3.5.jar:/Users/msuarez/.m2/repository/com/zaxxer/HikariCP/5.1.0/HikariCP-5.1.0.jar:/Users/msuarez/.m2/repository/org/springframework/spring-jdbc/6.1.14/spring-jdbc-6.1.14.jar:/Users/msuarez/.m2/repository/org/springframework/data/spring-data-jdbc/3.3.5/spring-data-jdbc-3.3.5.jar:/Users/msuarez/.m2/repository/org/springframework/data/spring-data-relational/3.3.5/spring-data-relational-3.3.5.jar:/Users/msuarez/.m2/repository/org/springframework/data/spring-data-commons/3.3.5/spring-data-commons-3.3.5.jar:/Users/msuarez/.m2/repository/org/springframework/spring-tx/6.1.14/spring-tx-6.1.14.jar:/Users/msuarez/.m2/repository/org/springframework/spring-context/6.1.14/spring-context-6.1.14.jar:/Users/msuarez/.m2/repository/org/springframework/spring-beans/6.1.14/spring-beans-6.1.14.jar:/Users/msuarez/.m2/repository/org/slf4j/slf4j-api/2.0.16/slf4j-api-2.0.16.jar:/Users/msuarez/.m2/repository/org/springframework/boot/spring-boot-starter-web/3.3.5/spring-boot-starter-web-3.3.5.jar:/Users/msuarez/.m2/repository/org/springframework/boot/spring-boot-starter-json/3.3.5/spring-boot-starter-json-3.3.5.jar:/Users/msuarez/.m2/repository/com/fasterxml/jackson/datatype/jackson-datatype-jdk8/2.17.2/jackson-datatype-jdk8-2.17.2.jar:/Users/msuarez/.m2/repository/org/springframework/boot/spring-boot-starter-tomcat/3.3.5/spring-boot-starter-tomcat-3.3.5.jar:/Users/msuarez/.m2/repository/org/apache/tomcat/embed/tomcat-embed-core/10.1.31/tomcat-embed-core-10.1.31.jar:/Users/msuarez/.m2/repository/org/apache/tomcat/embed/tomcat-embed-websocket/10.1.31/tomcat-embed-websocket-10.1.31.jar:/Users/msuarez/.m2/repository/org/springframework/spring-web/6.1.14/spring-web-6.1.14.jar:/Users/msuarez/.m2/repository/org/springframework/spring-webmvc/6.1.14/spring-webmvc-6.1.14.jar:/Users/msuarez/.m2/repository/org/springframework/spring-aop/6.1.14/spring-aop-6.1.14.jar:/Users/msuarez/.m2/repository/org/springframework/spring-expression/6.1.14/spring-expression-6.1.14.jar:/Users/msuarez/.m2/repository/org/springframework/boot/spring-boot-devtools/3.3.5/spring-boot-devtools-3.3.5.jar:/Users/msuarez/.m2/repository/org/springframework/boot/spring-boot/3.3.5/spring-boot-3.3.5.jar:/Users/msuarez/.m2/repository/org/springframework/boot/spring-boot-autoconfigure/3.3.5/spring-boot-autoconfigure-3.3.5.jar:/Users/msuarez/.m2/repository/org/postgresql/postgresql/42.7.4/postgresql-42.7.4.jar:/Users/msuarez/.m2/repository/org/checkerframework/checker-qual/3.42.0/checker-qual-3.42.0.jar:/Users/msuarez/.m2/repository/org/springframework/boot/spring-boot-starter-test/3.3.5/spring-boot-starter-test-3.3.5.jar:/Users/msuarez/.m2/repository/org/springframework/boot/spring-boot-test/3.3.5/spring-boot-test-3.3.5.jar:/Users/msuarez/.m2/repository/org/springframework/boot/spring-boot-test-autoconfigure/3.3.5/spring-boot-test-autoconfigure-3.3.5.jar:/Users/msuarez/.m2/repository/com/jayway/jsonpath/json-path/2.9.0/json-path-2.9.0.jar:/Users/msuarez/.m2/repository/jakarta/xml/bind/jakarta.xml.bind-api/4.0.2/jakarta.xml.bind-api-4.0.2.jar:/Users/msuarez/.m2/repository/jakarta/activation/jakarta.activation-api/2.1.3/jakarta.activation-api-2.1.3.jar:/Users/msuarez/.m2/repository/net/minidev/json-smart/2.5.1/json-smart-2.5.1.jar:/Users/msuarez/.m2/repository/net/minidev/accessors-smart/2.5.1/accessors-smart-2.5.1.jar:/Users/msuarez/.m2/repository/org/ow2/asm/asm/9.6/asm-9.6.jar:/Users/msuarez/.m2/repository/org/assertj/assertj-core/3.25.3/assertj-core-3.25.3.jar:/Users/msuarez/.m2/repository/net/bytebuddy/byte-buddy/1.14.19/byte-buddy-1.14.19.jar:/Users/msuarez/.m2/repository/org/awaitility/awaitility/4.2.2/awaitility-4.2.2.jar:/Users/msuarez/.m2/repository/org/hamcrest/hamcrest/2.2/hamcrest-2.2.jar:/Users/msuarez/.m2/repository/org/junit/jupiter/junit-jupiter/5.10.5/junit-jupiter-5.10.5.jar:/Users/msuarez/.m2/repository/org/junit/jupiter/junit-jupiter-params/5.10.5/junit-jupiter-params-5.10.5.jar:/Users/msuarez/.m2/repository/org/junit/jupiter/junit-jupiter-engine/5.10.5/junit-jupiter-engine-5.10.5.jar:/Users/msuarez/.m2/repository/org/junit/platform/junit-platform-engine/1.10.5/junit-platform-engine-1.10.5.jar:/Users/msuarez/.m2/repository/org/mockito/mockito-core/5.11.0/mockito-core-5.11.0.jar:/Users/msuarez/.m2/repository/net/bytebuddy/byte-buddy-agent/1.14.19/byte-buddy-agent-1.14.19.jar:/Users/msuarez/.m2/repository/org/objenesis/objenesis/3.3/objenesis-3.3.jar:/Users/msuarez/.m2/repository/org/mockito/mockito-junit-jupiter/5.11.0/mockito-junit-jupiter-5.11.0.jar:/Users/msuarez/.m2/repository/org/skyscreamer/jsonassert/1.5.3/jsonassert-1.5.3.jar:/Users/msuarez/.m2/repository/com/vaadin/external/google/android-json/0.0.20131108.vaadin1/android-json-0.0.20131108.vaadin1.jar:/Users/msuarez/.m2/repository/org/springframework/spring-core/6.1.14/spring-core-6.1.14.jar:/Users/msuarez/.m2/repository/org/springframework/spring-jcl/6.1.14/spring-jcl-6.1.14.jar:/Users/msuarez/.m2/repository/org/springframework/spring-test/6.1.14/spring-test-6.1.14.jar:/Users/msuarez/.m2/repository/org/xmlunit/xmlunit-core/2.9.1/xmlunit-core-2.9.1.jar:/Users/msuarez/.m2/repository/org/springframework/boot/spring-boot-testcontainers/3.3.5/spring-boot-testcontainers-3.3.5.jar:/Users/msuarez/.m2/repository/org/testcontainers/testcontainers/1.19.8/testcontainers-1.19.8.jar:/Users/msuarez/.m2/repository/junit/junit/4.13.2/junit-4.13.2.jar:/Users/msuarez/.m2/repository/org/hamcrest/hamcrest-core/2.2/hamcrest-core-2.2.jar:/Users/msuarez/.m2/repository/org/apache/commons/commons-compress/1.24.0/commons-compress-1.24.0.jar:/Users/msuarez/.m2/repository/org/rnorth/duct-tape/duct-tape/1.0.8/duct-tape-1.0.8.jar:/Users/msuarez/.m2/repository/org/jetbrains/annotations/17.0.0/annotations-17.0.0.jar:/Users/msuarez/.m2/repository/com/github/docker-java/docker-java-api/3.3.6/docker-java-api-3.3.6.jar:/Users/msuarez/.m2/repository/com/github/docker-java/docker-java-transport-zerodep/3.3.6/docker-java-transport-zerodep-3.3.6.jar:/Users/msuarez/.m2/repository/com/github/docker-java/docker-java-transport/3.3.6/docker-java-transport-3.3.6.jar:/Users/msuarez/.m2/repository/net/java/dev/jna/jna/5.13.0/jna-5.13.0.jar:/Users/msuarez/.m2/repository/org/testcontainers/junit-jupiter/1.19.8/junit-jupiter-1.19.8.jar:/Users/msuarez/.m2/repository/org/testcontainers/postgresql/1.19.8/postgresql-1.19.8.jar:/Users/msuarez/.m2/repository/org/testcontainers/jdbc/1.19.8/jdbc-1.19.8.jar:/Users/msuarez/.m2/repository/org/testcontainers/database-commons/1.19.8/database-commons-1.19.8.jar:/Users/msuarez/.m2/repository/com/github/javafaker/javafaker/1.0.2/javafaker-1.0.2.jar:/Users/msuarez/.m2/repository/org/apache/commons/commons-lang3/3.14.0/commons-lang3-3.14.0.jar:/Users/msuarez/.m2/repository/org/yaml/snakeyaml/1.23/snakeyaml-1.23-android.jar:/Users/msuarez/.m2/repository/com/github/mifmif/generex/1.0.2/generex-1.0.2.jar:/Users/msuarez/.m2/repository/dk/brics/automaton/automaton/1.11-8/automaton-1.11-8.jar:/Users/msuarez/.m2/repository/org/junit/jupiter/junit-jupiter-api/5.10.5/junit-jupiter-api-5.10.5.jar:/Users/msuarez/.m2/repository/org/opentest4j/opentest4j/1.3.0/opentest4j-1.3.0.jar:/Users/msuarez/.m2/repository/org/junit/platform/junit-platform-commons/1.10.5/junit-platform-commons-1.10.5.jar:/Users/msuarez/.m2/repository/org/apiguardian/apiguardian-api/1.1.2/apiguardian-api-1.1.2.jar:/Users/msuarez/.m2/repository/org/springframework/boot/spring-boot-docker-compose/3.3.5/spring-boot-docker-compose-3.3.5.jar:/Users/msuarez/.m2/repository/com/fasterxml/jackson/core/jackson-databind/2.17.2/jackson-databind-2.17.2.jar:/Users/msuarez/.m2/repository/com/fasterxml/jackson/core/jackson-annotations/2.17.2/jackson-annotations-2.17.2.jar:/Users/msuarez/.m2/repository/com/fasterxml/jackson/core/jackson-core/2.17.2/jackson-core-2.17.2.jar:/Users/msuarez/.m2/repository/com/fasterxml/jackson/module/jackson-module-parameter-names/2.17.2/jackson-module-parameter-names-2.17.2.jar:/Users/msuarez/.m2/repository/org/springframework/boot/spring-boot-starter-validation/3.3.5/spring-boot-starter-validation-3.3.5.jar:/Users/msuarez/.m2/repository/org/apache/tomcat/embed/tomcat-embed-el/10.1.31/tomcat-embed-el-10.1.31.jar:/Users/msuarez/.m2/repository/org/hibernate/validator/hibernate-validator/8.0.1.Final/hibernate-validator-8.0.1.Final.jar:/Users/msuarez/.m2/repository/jakarta/validation/jakarta.validation-api/3.0.2/jakarta.validation-api-3.0.2.jar:/Users/msuarez/.m2/repository/org/jboss/logging/jboss-logging/3.5.3.Final/jboss-logging-3.5.3.Final.jar:/Users/msuarez/.m2/repository/com/fasterxml/classmate/1.7.0/classmate-1.7.0.jar:/Users/msuarez/.m2/repository/io/opentelemetry/javaagent/opentelemetry-javaagent/2.6.0/opentelemetry-javaagent-2.6.0.jar:"/>
    <property name="sun.cpu.endian" value="little"/>
    <property name="user.home" value="/Users/msuarez"/>
    <property name="user.language" value="en"/>
    <property name="java.specification.vendor" value="Oracle Corporation"/>
    <property name="java.version.date" value="2024-01-16"/>
    <property name="java.home" value="/Users/msuarez/.asdf/installs/java/temurin-21.0.2+13.0.LTS"/>
    <property name="spring.datasource.password" value="secret"/>
    <property name="file.separator" value="/"/>
    <property name="basedir" value="/Users/msuarez/Documents/GitHub/ms-v-cust-ws"/>
    <property name="java.vm.compressedOopsMode" value="Zero based"/>
    <property name="line.separator" value="&#10;"/>
    <property name="java.vm.specification.vendor" value="Oracle Corporation"/>
    <property name="java.specification.name" value="Java Platform API Specification"/>
    <property name="FILE_LOG_CHARSET" value="UTF-8"/>
    <property name="spring.datasource.url" value="jdbc:postgresql://localhost:56046/testdb?loggerLevel=OFF"/>
    <property name="java.awt.headless" value="true"/>
    <property name="apple.awt.application.name" value="ForkedBooter"/>
    <property name="surefire.real.class.path" value="/Users/msuarez/Documents/GitHub/ms-v-cust-ws/target/surefire/surefirebooter-20241031003206862_3.jar"/>
    <property name="sun.management.compiler" value="HotSpot 64-Bit Tiered Compilers"/>
    <property name="ftp.nonProxyHosts" value="local|*.local|169.254/16|*.169.254/16"/>
    <property name="java.runtime.version" value="21.0.2+13-LTS"/>
    <property name="user.name" value="msuarez"/>
    <property name="stdout.encoding" value="UTF-8"/>
    <property name="path.separator" value=":"/>
    <property name="os.version" value="14.7"/>
    <property name="java.runtime.name" value="OpenJDK Runtime Environment"/>
    <property name="file.encoding" value="UTF-8"/>
    <property name="java.vm.name" value="OpenJDK 64-Bit Server VM"/>
    <property name="java.vendor.version" value="Temurin-21.0.2+13"/>
    <property name="localRepository" value="/Users/msuarez/.m2/repository"/>
    <property name="java.vendor.url.bug" value="https://github.com/adoptium/adoptium-support/issues"/>
    <property name="java.io.tmpdir" value="/var/folders/x3/x0bbwfkj0kq2j6q1q1hlcsz00000gr/T/"/>
    <property name="com.zaxxer.hikari.pool_number" value="1"/>
    <property name="java.version" value="21.0.2"/>
    <property name="user.dir" value="/Users/msuarez/Documents/GitHub/ms-v-cust-ws"/>
    <property name="os.arch" value="x86_64"/>
    <property name="java.vm.specification.name" value="Java Virtual Machine Specification"/>
    <property name="PID" value="62537"/>
    <property name="CONSOLE_LOG_CHARSET" value="UTF-8"/>
    <property name="native.encoding" value="UTF-8"/>
    <property name="spring.datasource.username" value="postgres"/>
    <property name="java.library.path" value="/Users/msuarez/Library/Java/Extensions:/Library/Java/Extensions:/Network/Library/Java/Extensions:/System/Library/Java/Extensions:/usr/lib/java:."/>
    <property name="java.vm.info" value="mixed mode"/>
    <property name="stderr.encoding" value="UTF-8"/>
    <property name="java.vendor" value="Eclipse Adoptium"/>
    <property name="java.vm.version" value="21.0.2+13-LTS"/>
    <property name="sun.io.unicode.encoding" value="UnicodeBig"/>
    <property name="socksNonProxyHosts" value="local|*.local|169.254/16|*.169.254/16"/>
    <property name="java.class.version" value="65.0"/>
    <property name="LOGGED_APPLICATION_NAME" value="[ms-v-cust-ws] "/>
  </properties>
  <testcase name="contextLoads" classname="dev.futbolmama.msvcustws.MsVCustWsApplicationTests" time="0.814">
    <system-out><![CDATA[00:32:07.742 [main] INFO org.springframework.test.context.support.AnnotationConfigContextLoaderUtils -- Could not detect default configuration classes for test class [dev.futbolmama.msvcustws.MsVCustWsApplicationTests]: MsVCustWsApplicationTests does not declare any static, non-private, non-final, nested classes annotated with @Configuration.
00:32:07.926 [main] INFO org.springframework.boot.test.context.SpringBootTestContextBootstrapper -- Found @SpringBootConfiguration dev.futbolmama.msvcustws.MsVCustWsApplication for test class dev.futbolmama.msvcustws.MsVCustWsApplicationTests
00:32:08.080 [main] INFO org.springframework.boot.devtools.restart.RestartApplicationListener -- Restart disabled due to context in which it is running

  .   ____          _            __ _ _
 /\\ / ___'_ __ _ _(_)_ __  __ _ \ \ \ \
( ( )\___ | '_ | '_| | '_ \/ _` | \ \ \ \
 \\/  ___)| |_)| | | | | || (_| |  ) ) ) )
  '  |____| .__|_| |_|_| |_\__, | / / / /
 =========|_|==============|___/=/_/_/_/

 :: Spring Boot ::                (v3.3.5)

2024-10-31T00:32:08.335-06:00  INFO 62537 --- [ms-v-cust-ws] [           main] d.f.msvcustws.MsVCustWsApplicationTests  : Starting MsVCustWsApplicationTests using Java 21.0.2 with PID 62537 (started by msuarez in /Users/msuarez/Documents/GitHub/ms-v-cust-ws)
2024-10-31T00:32:08.336-06:00  INFO 62537 --- [ms-v-cust-ws] [           main] d.f.msvcustws.MsVCustWsApplicationTests  : No active profile set, falling back to 1 default profile: "default"
2024-10-31T00:32:09.122-06:00  INFO 62537 --- [ms-v-cust-ws] [           main] .s.d.r.c.RepositoryConfigurationDelegate : Bootstrapping Spring Data JDBC repositories in DEFAULT mode.
2024-10-31T00:32:09.136-06:00  INFO 62537 --- [ms-v-cust-ws] [           main] .s.d.r.c.RepositoryConfigurationDelegate : Finished Spring Data repository scanning in 10 ms. Found 0 JDBC repository interfaces.
2024-10-31T00:32:09.390-06:00  INFO 62537 --- [ms-v-cust-ws] [           main] org.testcontainers.images.PullPolicy     : Image pull policy will be performed by: DefaultPullPolicy()
2024-10-31T00:32:09.392-06:00  INFO 62537 --- [ms-v-cust-ws] [           main] o.t.utility.ImageNameSubstitutor         : Image name substitution will be performed by: DefaultImageNameSubstitutor (composite of 'ConfigurationFileImageNameSubstitutor' and 'PrefixingImageNameSubstitutor')
2024-10-31T00:32:09.564-06:00  INFO 62537 --- [ms-v-cust-ws] [           main] o.t.d.DockerClientProviderStrategy       : Loaded org.testcontainers.dockerclient.UnixSocketClientProviderStrategy from ~/.testcontainers.properties, will try it first
2024-10-31T00:32:09.820-06:00  INFO 62537 --- [ms-v-cust-ws] [           main] o.t.d.DockerClientProviderStrategy       : Found Docker environment with local Unix socket (unix:///var/run/docker.sock)
2024-10-31T00:32:09.821-06:00  INFO 62537 --- [ms-v-cust-ws] [           main] org.testcontainers.DockerClientFactory   : Docker host IP address is localhost
2024-10-31T00:32:09.838-06:00  INFO 62537 --- [ms-v-cust-ws] [           main] org.testcontainers.DockerClientFactory   : Connected to docker: 
  Server Version: 27.2.0
  API Version: 1.47
  Operating System: Docker Desktop
  Total Memory: 7838 MB
2024-10-31T00:32:09.861-06:00  INFO 62537 --- [ms-v-cust-ws] [           main] tc.testcontainers/ryuk:0.7.0             : Creating container for image: testcontainers/ryuk:0.7.0
2024-10-31T00:32:10.471-06:00  INFO 62537 --- [ms-v-cust-ws] [           main] tc.testcontainers/ryuk:0.7.0             : Container testcontainers/ryuk:0.7.0 is starting: be90fdbccfc354d526bad4196c5894aabef228017e648df7fac2abd6900e476e
2024-10-31T00:32:10.788-06:00  INFO 62537 --- [ms-v-cust-ws] [           main] tc.testcontainers/ryuk:0.7.0             : Container testcontainers/ryuk:0.7.0 started in PT0.927396S
2024-10-31T00:32:10.796-06:00  INFO 62537 --- [ms-v-cust-ws] [           main] o.t.utility.RyukResourceReaper           : Ryuk started - will monitor and terminate Testcontainers containers on JVM exit
2024-10-31T00:32:10.796-06:00  INFO 62537 --- [ms-v-cust-ws] [           main] org.testcontainers.DockerClientFactory   : Checking the system...
2024-10-31T00:32:10.797-06:00  INFO 62537 --- [ms-v-cust-ws] [           main] org.testcontainers.DockerClientFactory   : ✔︎ Docker server version should be at least 1.6.0
2024-10-31T00:32:10.797-06:00  INFO 62537 --- [ms-v-cust-ws] [           main] tc.postgres:latest                       : Creating container for image: postgres:latest
2024-10-31T00:32:10.833-06:00  INFO 62537 --- [ms-v-cust-ws] [           main] tc.postgres:latest                       : Container postgres:latest is starting: e0177ab1509f7c2133c1c4432b4c8dcae56f7497045a236a18cfab2765aee810
2024-10-31T00:32:12.120-06:00  INFO 62537 --- [ms-v-cust-ws] [           main] tc.postgres:latest                       : Container postgres:latest started in PT1.322787S
2024-10-31T00:32:12.121-06:00  INFO 62537 --- [ms-v-cust-ws] [           main] tc.postgres:latest                       : Container is started (JDBC URL: jdbc:postgresql://localhost:56046/testdb?loggerLevel=OFF)
2024-10-31T00:32:12.189-06:00 DEBUG 62537 --- [ms-v-cust-ws] [           main] com.zaxxer.hikari.HikariConfig           : Driver class org.postgresql.Driver found in Thread context class loader jdk.internal.loader.ClassLoaders$AppClassLoader@63c12fb0
2024-10-31T00:32:12.200-06:00 DEBUG 62537 --- [ms-v-cust-ws] [           main] com.zaxxer.hikari.HikariConfig           : Driver class org.postgresql.Driver found in Thread context class loader jdk.internal.loader.ClassLoaders$AppClassLoader@63c12fb0
2024-10-31T00:32:12.833-06:00 DEBUG 62537 --- [ms-v-cust-ws] [           main] o.s.jdbc.datasource.DataSourceUtils      : Fetching JDBC Connection from DataSource
2024-10-31T00:32:12.833-06:00 DEBUG 62537 --- [ms-v-cust-ws] [           main] com.zaxxer.hikari.HikariConfig           : HikariPool-1 - configuration:
2024-10-31T00:32:12.837-06:00 DEBUG 62537 --- [ms-v-cust-ws] [           main] com.zaxxer.hikari.HikariConfig           : allowPoolSuspension.............false
2024-10-31T00:32:12.837-06:00 DEBUG 62537 --- [ms-v-cust-ws] [           main] com.zaxxer.hikari.HikariConfig           : autoCommit......................true
2024-10-31T00:32:12.837-06:00 DEBUG 62537 --- [ms-v-cust-ws] [           main] com.zaxxer.hikari.HikariConfig           : catalog.........................none
2024-10-31T00:32:12.837-06:00 DEBUG 62537 --- [ms-v-cust-ws] [           main] com.zaxxer.hikari.HikariConfig           : connectionInitSql...............none
2024-10-31T00:32:12.837-06:00 DEBUG 62537 --- [ms-v-cust-ws] [           main] com.zaxxer.hikari.HikariConfig           : connectionTestQuery.............none
2024-10-31T00:32:12.838-06:00 DEBUG 62537 --- [ms-v-cust-ws] [           main] com.zaxxer.hikari.HikariConfig           : connectionTimeout...............30000
2024-10-31T00:32:12.838-06:00 DEBUG 62537 --- [ms-v-cust-ws] [           main] com.zaxxer.hikari.HikariConfig           : dataSource......................none
2024-10-31T00:32:12.838-06:00 DEBUG 62537 --- [ms-v-cust-ws] [           main] com.zaxxer.hikari.HikariConfig           : dataSourceClassName.............none
2024-10-31T00:32:12.838-06:00 DEBUG 62537 --- [ms-v-cust-ws] [           main] com.zaxxer.hikari.HikariConfig           : dataSourceJNDI..................none
2024-10-31T00:32:12.839-06:00 DEBUG 62537 --- [ms-v-cust-ws] [           main] com.zaxxer.hikari.HikariConfig           : dataSourceProperties............{password=<masked>}
2024-10-31T00:32:12.839-06:00 DEBUG 62537 --- [ms-v-cust-ws] [           main] com.zaxxer.hikari.HikariConfig           : driverClassName................."org.postgresql.Driver"
2024-10-31T00:32:12.839-06:00 DEBUG 62537 --- [ms-v-cust-ws] [           main] com.zaxxer.hikari.HikariConfig           : exceptionOverrideClassName......none
2024-10-31T00:32:12.839-06:00 DEBUG 62537 --- [ms-v-cust-ws] [           main] com.zaxxer.hikari.HikariConfig           : healthCheckProperties...........{}
2024-10-31T00:32:12.839-06:00 DEBUG 62537 --- [ms-v-cust-ws] [           main] com.zaxxer.hikari.HikariConfig           : healthCheckRegistry.............none
2024-10-31T00:32:12.840-06:00 DEBUG 62537 --- [ms-v-cust-ws] [           main] com.zaxxer.hikari.HikariConfig           : idleTimeout.....................600000
2024-10-31T00:32:12.840-06:00 DEBUG 62537 --- [ms-v-cust-ws] [           main] com.zaxxer.hikari.HikariConfig           : initializationFailTimeout.......1
2024-10-31T00:32:12.840-06:00 DEBUG 62537 --- [ms-v-cust-ws] [           main] com.zaxxer.hikari.HikariConfig           : isolateInternalQueries..........false
2024-10-31T00:32:12.840-06:00 DEBUG 62537 --- [ms-v-cust-ws] [           main] com.zaxxer.hikari.HikariConfig           : jdbcUrl.........................jdbc:postgresql://localhost:56046/testdb?loggerLevel=OFF
2024-10-31T00:32:12.840-06:00 DEBUG 62537 --- [ms-v-cust-ws] [           main] com.zaxxer.hikari.HikariConfig           : keepaliveTime...................0
2024-10-31T00:32:12.840-06:00 DEBUG 62537 --- [ms-v-cust-ws] [           main] com.zaxxer.hikari.HikariConfig           : leakDetectionThreshold..........0
2024-10-31T00:32:12.841-06:00 DEBUG 62537 --- [ms-v-cust-ws] [           main] com.zaxxer.hikari.HikariConfig           : maxLifetime.....................1800000
2024-10-31T00:32:12.841-06:00 DEBUG 62537 --- [ms-v-cust-ws] [           main] com.zaxxer.hikari.HikariConfig           : maximumPoolSize.................10
2024-10-31T00:32:12.841-06:00 DEBUG 62537 --- [ms-v-cust-ws] [           main] com.zaxxer.hikari.HikariConfig           : metricRegistry..................none
2024-10-31T00:32:12.841-06:00 DEBUG 62537 --- [ms-v-cust-ws] [           main] com.zaxxer.hikari.HikariConfig           : metricsTrackerFactory...........none
2024-10-31T00:32:12.841-06:00 DEBUG 62537 --- [ms-v-cust-ws] [           main] com.zaxxer.hikari.HikariConfig           : minimumIdle.....................10
2024-10-31T00:32:12.841-06:00 DEBUG 62537 --- [ms-v-cust-ws] [           main] com.zaxxer.hikari.HikariConfig           : password........................<masked>
2024-10-31T00:32:12.841-06:00 DEBUG 62537 --- [ms-v-cust-ws] [           main] com.zaxxer.hikari.HikariConfig           : poolName........................"HikariPool-1"
2024-10-31T00:32:12.841-06:00 DEBUG 62537 --- [ms-v-cust-ws] [           main] com.zaxxer.hikari.HikariConfig           : readOnly........................false
2024-10-31T00:32:12.841-06:00 DEBUG 62537 --- [ms-v-cust-ws] [           main] com.zaxxer.hikari.HikariConfig           : registerMbeans..................false
2024-10-31T00:32:12.842-06:00 DEBUG 62537 --- [ms-v-cust-ws] [           main] com.zaxxer.hikari.HikariConfig           : scheduledExecutor...............none
2024-10-31T00:32:12.842-06:00 DEBUG 62537 --- [ms-v-cust-ws] [           main] com.zaxxer.hikari.HikariConfig           : schema..........................none
2024-10-31T00:32:12.842-06:00 DEBUG 62537 --- [ms-v-cust-ws] [           main] com.zaxxer.hikari.HikariConfig           : threadFactory...................internal
2024-10-31T00:32:12.842-06:00 DEBUG 62537 --- [ms-v-cust-ws] [           main] com.zaxxer.hikari.HikariConfig           : transactionIsolation............default
2024-10-31T00:32:12.842-06:00 DEBUG 62537 --- [ms-v-cust-ws] [           main] com.zaxxer.hikari.HikariConfig           : username........................"postgres"
2024-10-31T00:32:12.842-06:00 DEBUG 62537 --- [ms-v-cust-ws] [           main] com.zaxxer.hikari.HikariConfig           : validationTimeout...............5000
2024-10-31T00:32:12.842-06:00  INFO 62537 --- [ms-v-cust-ws] [           main] com.zaxxer.hikari.HikariDataSource       : HikariPool-1 - Starting...
2024-10-31T00:32:13.162-06:00  INFO 62537 --- [ms-v-cust-ws] [           main] com.zaxxer.hikari.pool.HikariPool        : HikariPool-1 - Added connection org.postgresql.jdbc.PgConnection@4fc256ec
2024-10-31T00:32:13.164-06:00  INFO 62537 --- [ms-v-cust-ws] [           main] com.zaxxer.hikari.HikariDataSource       : HikariPool-1 - Start completed.
2024-10-31T00:32:13.265-06:00 DEBUG 62537 --- [ms-v-cust-ws] [l-1 housekeeper] com.zaxxer.hikari.pool.HikariPool        : HikariPool-1 - Pool stats (total=1, active=0, idle=1, waiting=0)
2024-10-31T00:32:13.329-06:00  INFO 62537 --- [ms-v-cust-ws] [           main] o.s.b.a.e.web.EndpointLinksResolver      : Exposing 14 endpoints beneath base path '/actuator'
2024-10-31T00:32:13.337-06:00 DEBUG 62537 --- [ms-v-cust-ws] [onnection adder] com.zaxxer.hikari.pool.HikariPool        : HikariPool-1 - Added connection org.postgresql.jdbc.PgConnection@74272fbc
2024-10-31T00:32:13.368-06:00 DEBUG 62537 --- [ms-v-cust-ws] [onnection adder] com.zaxxer.hikari.pool.HikariPool        : HikariPool-1 - After adding stats (total=2, active=0, idle=2, waiting=0)
2024-10-31T00:32:13.429-06:00 DEBUG 62537 --- [ms-v-cust-ws] [onnection adder] com.zaxxer.hikari.pool.HikariPool        : HikariPool-1 - Added connection org.postgresql.jdbc.PgConnection@7edf44cc
2024-10-31T00:32:13.440-06:00  INFO 62537 --- [ms-v-cust-ws] [           main] d.f.msvcustws.MsVCustWsApplicationTests  : Started MsVCustWsApplicationTests in 5.37 seconds (process running for 6.458)
2024-10-31T00:32:13.464-06:00 DEBUG 62537 --- [ms-v-cust-ws] [onnection adder] com.zaxxer.hikari.pool.HikariPool        : HikariPool-1 - After adding stats (total=3, active=0, idle=3, waiting=0)
2024-10-31T00:32:13.485-06:00 DEBUG 62537 --- [ms-v-cust-ws] [onnection adder] com.zaxxer.hikari.pool.HikariPool        : HikariPool-1 - Added connection org.postgresql.jdbc.PgConnection@3bddd573
2024-10-31T00:32:13.519-06:00 DEBUG 62537 --- [ms-v-cust-ws] [onnection adder] com.zaxxer.hikari.pool.HikariPool        : HikariPool-1 - After adding stats (total=4, active=0, idle=4, waiting=0)
2024-10-31T00:32:13.537-06:00 DEBUG 62537 --- [ms-v-cust-ws] [onnection adder] com.zaxxer.hikari.pool.HikariPool        : HikariPool-1 - Added connection org.postgresql.jdbc.PgConnection@76ca577b
2024-10-31T00:32:13.571-06:00 DEBUG 62537 --- [ms-v-cust-ws] [onnection adder] com.zaxxer.hikari.pool.HikariPool        : HikariPool-1 - After adding stats (total=5, active=0, idle=5, waiting=0)
2024-10-31T00:32:13.591-06:00 DEBUG 62537 --- [ms-v-cust-ws] [onnection adder] com.zaxxer.hikari.pool.HikariPool        : HikariPool-1 - Added connection org.postgresql.jdbc.PgConnection@a2ccc75
2024-10-31T00:32:13.622-06:00 DEBUG 62537 --- [ms-v-cust-ws] [onnection adder] com.zaxxer.hikari.pool.HikariPool        : HikariPool-1 - After adding stats (total=6, active=0, idle=6, waiting=0)
2024-10-31T00:32:13.641-06:00 DEBUG 62537 --- [ms-v-cust-ws] [onnection adder] com.zaxxer.hikari.pool.HikariPool        : HikariPool-1 - Added connection org.postgresql.jdbc.PgConnection@ed110d8
2024-10-31T00:32:13.675-06:00 DEBUG 62537 --- [ms-v-cust-ws] [onnection adder] com.zaxxer.hikari.pool.HikariPool        : HikariPool-1 - After adding stats (total=7, active=0, idle=7, waiting=0)
2024-10-31T00:32:13.694-06:00 DEBUG 62537 --- [ms-v-cust-ws] [onnection adder] com.zaxxer.hikari.pool.HikariPool        : HikariPool-1 - Added connection org.postgresql.jdbc.PgConnection@5bf22a3c
2024-10-31T00:32:13.728-06:00 DEBUG 62537 --- [ms-v-cust-ws] [onnection adder] com.zaxxer.hikari.pool.HikariPool        : HikariPool-1 - After adding stats (total=8, active=0, idle=8, waiting=0)
2024-10-31T00:32:13.748-06:00 DEBUG 62537 --- [ms-v-cust-ws] [onnection adder] com.zaxxer.hikari.pool.HikariPool        : HikariPool-1 - Added connection org.postgresql.jdbc.PgConnection@7f27dfb6
2024-10-31T00:32:13.782-06:00 DEBUG 62537 --- [ms-v-cust-ws] [onnection adder] com.zaxxer.hikari.pool.HikariPool        : HikariPool-1 - After adding stats (total=9, active=0, idle=9, waiting=0)
2024-10-31T00:32:13.802-06:00 DEBUG 62537 --- [ms-v-cust-ws] [onnection adder] com.zaxxer.hikari.pool.HikariPool        : HikariPool-1 - Added connection org.postgresql.jdbc.PgConnection@1304eb43
2024-10-31T00:32:13.834-06:00 DEBUG 62537 --- [ms-v-cust-ws] [onnection adder] com.zaxxer.hikari.pool.HikariPool        : HikariPool-1 - After adding stats (total=10, active=0, idle=10, waiting=0)
]]></system-out>
    <system-err><![CDATA[WARNING: A Java agent has been loaded dynamically (/Users/msuarez/.m2/repository/net/bytebuddy/byte-buddy-agent/1.14.19/byte-buddy-agent-1.14.19.jar)
WARNING: If a serviceability tool is in use, please run with -XX:+EnableDynamicAgentLoading to hide this warning
WARNING: If a serviceability tool is not in use, please run with -Djdk.instrument.traceUsage for more information
WARNING: Dynamic loading of agents will be disallowed by default in a future release
]]></system-err>
  </testcase>
</testsuite>